<?xml version="1.0" encoding="UTF-8"?>
<!-- Generated by org.testng.reporters.JUnitReportReporter -->
<testsuite name="POS.Jenkins3" tests="3" time="0.005" ignored="0" failures="0" timestamp="18 Oct 2019 08:59:19 GMT" skipped="3" hostname="LAPTOP-DFDQN7BU" errors="0">
  <testcase name="B_ClickOnbilling" time="0.002" classname="POS.Jenkins3">
    <skipped/>
  </testcase> <!-- B_ClickOnbilling -->
  <testcase name="A_Login" time="0.002" classname="POS.Jenkins3">
    <skipped/>
  </testcase> <!-- A_Login -->
  <testcase name="C_Assert" time="0.001" classname="POS.Jenkins3">
    <skipped/>
  </testcase> <!-- C_Assert -->
</testsuite> <!-- POS.Jenkins3 -->
