<?xml version="1.0" encoding="UTF-8"?>
<!-- Generated by org.testng.reporters.JUnitReportReporter -->
<testsuite name="POS.Jenkins2" tests="2" time="0.043" ignored="0" failures="0" timestamp="18 Oct 2019 08:59:19 GMT" skipped="2" hostname="LAPTOP-DFDQN7BU" errors="0">
  <testcase name="B_close" time="0.002" classname="POS.Jenkins2">
    <skipped/>
  </testcase> <!-- B_close -->
  <testcase name="A_launchBrowser" time="0.041" classname="POS.Jenkins2">
    <skipped/>
  </testcase> <!-- A_launchBrowser -->
</testsuite> <!-- POS.Jenkins2 -->
