<?xml version="1.0" encoding="UTF-8"?>
<!-- Generated by org.testng.reporters.JUnitReportReporter -->
<testsuite hostname="LAPTOP-DFDQN7BU" name="TestNg_Jenkin.TestNg_project" tests="2" failures="0" timestamp="17 Oct 2019 09:33:56 GMT" time="16.995" errors="0">
  <testcase name="A_launchBrowser" time="16.312" classname="TestNg_Jenkin.TestNg_project"/>
  <testcase name="B_close" time="0.683" classname="TestNg_Jenkin.TestNg_project"/>
</testsuite> <!-- TestNg_Jenkin.TestNg_project -->
